Sections:
00: "org0001:0" (0-92)


Source: "Pi1MHzvc.s"
                            	     1: #-------------------------------------------------------------------------
                            	     2: # VideoCore IV implementation of 1MHz handler
                            	     3: #-------------------------------------------------------------------------
                            	     4: 
                            	     5: # on entry
                            	     6: # GPIO pins setup by arm
                            	     7: # Addresses passed into vc are VC based
                            	     8: # gpfsel_data_idle setup
                            	     9: 
                            	    10: #  r0 - pointer to shared memory ( VC address) of 1MHz registers
                            	    11: #  r1 - pointer to data to xfer to ARM
                            	    12: #  r2 -
                            	    13: #  r3 - data outputs
                            	    14: #  r4 - debug output control
                            	    15: #  r5 - debug pin mask (0 = no debug  xx= debug pin e.g 1<<21)
                            	    16: 
                            	    17: # Internal register allocation
                            	    18: #  r0 - pointer to shared memory ( VC address) of tube registers
                            	    19: #  r1 - pointer to data to xfer to ARM
                            	    20: #  r2 - unused
                            	    21: #  r3 -
                            	    22: #  r4 - debug output control
                            	    23: #  r5 - debug pin mask (0 = no debug  xx= debug pin e.g 1<<21)
                            	    24: #  r6 - GPFSEL0 constant
                            	    25: #  r7 - External nOE pin
                            	    26: #  r8 - temp
                            	    27: #  r9 - r9 Databus and test pin output select
                            	    28: # r10 -
                            	    29: # r11 -
                            	    30: # r12 - GPIO pins value
                            	    31: # r13 - pointer to doorbell register
                            	    32: # r14 -
                            	    33: # r15 -
                            	    34: 
                            	    35: # GPIO registers
                            	    36: .equ GPFSEL0,       0x7e200000
                            	    37: .equ GPFSEL0_offset, 0
                            	    38: .equ GPSET0_offset, 0x1C
                            	    39: .equ GPCLR0_offset, 0x28
                            	    40: .equ GPLEV0_offset, 0x34
                            	    41: .equ GPEDS0_offset, 0x40
                            	    42: 
                            	    43: # fixed pin bit positions ( TEST passed in dynamically)
                            	    44: .equ nRST,         26
                            	    45: .equ nPCFD,        25
                            	    46: .equ nPCFC,        24
                            	    47: 
                            	    48: .equ RnW,          10
                            	    49: .equ CLK,          27
                            	    50: .equ DATASHIFT,    2
                            	    51: .equ ADDRBUS_SHIFT, (16)
                            	    52: .equ OUTPUTBIT,   (15)
                            	    53: 
                            	    54: .equ ADDRESSBUS_WIDTH, (8 + 1)
                            	    55: .equ DATABUS_WIDTH, 8
                            	    56: 
                            	    57: .equ NPCFC_MASK,    (1<<nPCFC)
                            	    58: 
                            	    59: .equ Pi1MHz_MEM_RNW, (1<<9)
                            	    60: 
                            	    61: .equ GPU_ARM_DBELL, 0x7E00B844
                            	    62: 
                            	    63: .org 0
                            	    64: 
                            	    65: # disable interrupts
                            	    66: 
00:00000000 0500            	    67:   di
00:00000002 A9C1041F        	    68:    or     r9, r3, r4       # add in test pin so that it is still enabled
00:00000006 06E80000207E    	    69:    mov    r6, GPFSEL0
00:0000000C 1760            	    70:    mov    r7, 1            # external nOE pin
                            	    71: 
00:0000000E 0DE844B8007E    	    72:    mov    r13, GPU_ARM_DBELL
00:00000014 0100            	    73:    nop
00:00000016 0100            	    74:    nop
00:00000018 0100            	    75:    nop
00:0000001A 0100            	    76:    nop
00:0000001C 0100            	    77:    nop
00:0000001E 0100            	    78:    nop
                            	    79: 
                            	    80: 
                            	    81: # poll for nPCFC or nPCFD being low
                            	    82: 
                            	    83: Poll_loop:
00:00000020 653A            	    84:    st     r5, GPCLR0_offset(r6)  # Turn off debug signal
                            	    85: 
                            	    86: Poll_access_low:
00:00000022 6C2D            	    87:    ld     r12, GPLEV0_offset(r6)  # loop until we see FRED or JIM low
                            	    88: 
00:00000024 8C6D            	    89:    btst   r12, nPCFC
00:00000026 8CC1D960        	    90:    btstne r12, nPCFD
00:0000002A FC18            	    91:    bne    Poll_access_low
                            	    92: 
00:0000002C 6537            	    93:    st     r5, GPSET0_offset(r6)  # Debug pin
                            	    94: 
00:0000002E BC6D            	    95:    btst   r12, CLK
00:00000030 0818            	    96:    beq    waitforclkhigh
                            	    97: 
                            	    98: waitforclklow:                   # wait for extra half cycle to end
00:00000032 6C2D            	    99:    ld     r12, GPLEV0_offset(r6)
00:00000034 8C6D            	   100:    btst   r12, nPCFC
00:00000036 8CC1D960        	   101:    btstne r12, nPCFD
00:0000003A F318            	   102:    bne    Poll_loop
                            	   103: 
00:0000003C BC6D            	   104:    btst   r12, CLK
00:0000003E FA18            	   105:    bne    waitforclklow
                            	   106: 
                            	   107: .balignw 4,1 # Align with nops
                            	   108: waitforclkhigh:
                            	   109: waitforclkhighloop:
00:00000040 48C35067        	   110:    LSR    r8, r12,ADDRBUS_SHIFT
00:00000044 6C2D            	   111:    ld     r12, GPLEV0_offset(r6)
00:00000046 986E            	   112:    extu   r8, ADDRESSBUS_WIDTH   # bmask Isolate address bus
00:00000048 48A00807        	   113:    ldh    r8, (r0,r8)            # get byte to write out
                            	   114: 
00:0000004C BC6D            	   115:    btst   r12, CLK
00:0000004E 7918            	   116:    beq    waitforclkhighloop
                            	   117: 
                            	   118: # seen rising edge of CLK
                            	   119: # so address bus has now been setup
                            	   120: 
00:00000050 8C6D            	   121:    btst   r12, nPCFC
00:00000052 8CC1D960        	   122:    btstne r12, nPCFD
00:00000056 E518            	   123:    bne    Poll_loop
                            	   124: 
                            	   125: # check if we are in a read or write cycle
                            	   126: # we do this here while the read above is stalling
                            	   127: 
00:00000058 AC6C            	   128:    btst   r12, RnW
00:0000005A 287C            	   129:    lsl    r8, DATASHIFT
00:0000005C 1118            	   130:    beq    writecycle
                            	   131: 
                            	   132: 
00:0000005E F86C            	   133:    btst   r8, OUTPUTBIT
00:00000060 A86E            	   134:    extu   r8, DATABUS_WIDTH + DATASHIFT      # bmask isolate the databus NB lower bit are already zero form above
                            	   135: 
00:00000062 6837            	   136:    st     r8, GPSET0_offset(r6)  # set up databus
00:00000064 0318            	   137:    beq    skipenablingbus
                            	   138: 
00:00000066 6930            	   139:    st     r9, GPFSEL0_offset(r6) # set databus to output ( only if it has been written to)
00:00000068 673A            	   140:    st     r7, GPCLR0_offset(r6)  # set external output enable low
                            	   141: 
                            	   142:  skipenablingbus:
00:0000006A 1C09            	   143:    st     r12, (r1)              # post data
00:0000006C DC09            	   144:    st     r12, (r13)             # ring doorbell
                            	   145: 
                            	   146: .balignw 4,1 # Align with nops
                            	   147: waitforclklow2loop:
00:00000070 6C2D            	   148:    ld     r12, GPLEV0_offset(r6)
00:00000072 BC6D            	   149:    btst   r12, CLK
00:00000074 FE18            	   150:    bne    waitforclklow2loop
                            	   151: 
00:00000076 6737            	   152:    st     r7, GPSET0_offset(r6)  # set external output enable high
00:00000078 6430            	   153:    st     r4, GPFSEL0_offset(r6) # data bus to inputs except debug
00:0000007A 683A            	   154:    st     r8, GPCLR0_offset(r6)  # clear databus low
                            	   155: 
00:0000007C 521F            	   156:    b      Poll_loop
                            	   157: 
                            	   158: writecycle:
00:0000007E 673A            	   159:    st     r7, GPCLR0_offset(r6)  # set external output enable low
                            	   160: waitforclkloww2:
00:00000080 682D            	   161:    ld     r8, GPLEV0_offset(r6)
00:00000082 B86D            	   162:    btst   r8, CLK
00:00000084 0CC08860        	   163:    movne  r12,r8
00:00000088 FC18            	   164:    bne    waitforclkloww2
00:0000008A 1C09            	   165:    st     r12, (r1)         # post data
00:0000008C DC09            	   166:    st     r12, (r13)        # ring doorbell
00:0000008E 6737            	   167:    st     r7, GPSET0_offset(r6)  # set external output enable high
00:00000090 481F            	   168:    b      Poll_loop
                            	   169: 


Symbols by name:
ADDRBUS_SHIFT                    S:00000010
ADDRESSBUS_WIDTH                 S:00000009
CLK                              S:0000001B
DATABUS_WIDTH                    S:00000008
DATASHIFT                        S:00000002
GPCLR0_offset                    S:00000028
GPFSEL0                          S:7E200000
GPFSEL0_offset                   S:00000000
GPLEV0_offset                    S:00000034
GPSET0_offset                    S:0000001C
GPU_ARM_DBELL                    S:7E00B844
OUTPUTBIT                        S:0000000F
Poll_access_low                  A:00000022
Poll_loop                        A:00000020
RnW                              S:0000000A
nPCFC                            S:00000018
nPCFD                            S:00000019
skipenablingbus                  A:0000006A
waitforclkhigh                   A:00000040
waitforclkhighloop               A:00000040
waitforclklow                    A:00000032
waitforclklow2loop               A:00000070
waitforclkloww2                  A:00000080
writecycle                       A:0000007E

Symbols by value:
00000000 GPFSEL0_offset
00000002 DATASHIFT
00000008 DATABUS_WIDTH
00000009 ADDRESSBUS_WIDTH
0000000A RnW
0000000F OUTPUTBIT
00000010 ADDRBUS_SHIFT
00000018 nPCFC
00000019 nPCFD
0000001B CLK
0000001C GPSET0_offset
00000020 Poll_loop
00000022 Poll_access_low
00000028 GPCLR0_offset
00000032 waitforclklow
00000034 GPLEV0_offset
00000040 waitforclkhigh
00000040 waitforclkhighloop
0000006A skipenablingbus
00000070 waitforclklow2loop
0000007E writecycle
00000080 waitforclkloww2
7E00B844 GPU_ARM_DBELL
7E200000 GPFSEL0
